<?xml version="1.0" encoding="UTF-8"?>
<testng-results total="2" passed="2" failed="0" skipped="0">
  <reporter-output>
    <line>
      <![CDATA[Application opened]]>
    </line>
    <line>
      <![CDATA[Application opened]]>
    </line>
  </reporter-output>
  <suite started-at="2023-06-14T12:33:40Z" name="Suite1" finished-at="2023-06-14T12:34:03Z" duration-ms="22318">
    <groups>
    </groups>
    <test started-at="2023-06-14T12:33:40Z" name="Regression1" finished-at="2023-06-14T12:34:03Z" duration-ms="22318">
      <class name="com.hrms.testscript.TC001">
        <test-method signature="tc001()[pri:0, instance:com.hrms.testscript.TC001@3d9c13b5]" started-at="2023-06-14T18:03:40Z" name="tc001" finished-at="2023-06-14T18:03:51Z" duration-ms="10455" status="PASS">
          <reporter-output>
            <line>
              <![CDATA[Application opened]]>
            </line>
          </reporter-output>
        </test-method> <!-- tc001 -->
      </class> <!-- com.hrms.testscript.TC001 -->
      <class name="com.hrms.testscript.TC002">
        <test-method signature="tc002()[pri:0, instance:com.hrms.testscript.TC002@4716be8b]" started-at="2023-06-14T18:03:51Z" name="tc002" finished-at="2023-06-14T18:04:03Z" duration-ms="11844" status="PASS">
          <reporter-output>
            <line>
              <![CDATA[Application opened]]>
            </line>
          </reporter-output>
        </test-method> <!-- tc002 -->
      </class> <!-- com.hrms.testscript.TC002 -->
    </test> <!-- Regression1 -->
  </suite> <!-- Suite1 -->
</testng-results>
